Arguments: 
  /usr/local/bin/node /usr/local/bin/yarn

PATH: 
  /usr/local/bin:/usr/bin:/bin:/usr/sbin:/sbin:/Library/Apple/usr/bin

Yarn version: 
  1.22.4

Node version: 
  14.2.0

Platform: 
  darwin x64

Trace: 
  Error: connect ECONNREFUSED 127.0.0.1:4873
      at TCPConnectWrap.afterConnect [as oncomplete] (net.js:1142:16)

npm manifest: 
  {
    "name": "dartx",
  	"displayName": "dartx",
  	"description": "XML Layout for Flutter.",
  	"version": "0.0.1",
  	"engines": {
  		"vscode": "^1.52.0"
  	},
  	"categories": [
  		"Other"
  	],
  	"activationEvents": [
          "onCommand:dartx.helloWorld"
  	],
  	"main": "./dist/extension.js",
  	"contributes": {
  		"commands": [
  			{
  				"command": "dartx.helloWorld",
  				"title": "Hello World"
  			}
  		]
  	},
  	"scripts": {
  		"vscode:prepublish": "yarn run package",
  		"compile": "webpack --config ./build/node-extension.webpack.config.js",
  		"watch": "webpack --watch --config ./build/node-extension.webpack.config.js",
  		"package": "webpack --mode production --devtool hidden-source-map --config ./build/node-extension.webpack.config.js",
  		"test-compile": "tsc -p ./",
  		"test-watch": "tsc -watch -p ./",
  		"pretest": "yarn run test-compile && yarn run lint",
  		"lint": "eslint src --ext ts",
  		"test": "node ./out/test/runTest.js"
  	},
  	"devDependencies": {
  		"@types/vscode": "^1.52.0",
  		"@types/glob": "^7.1.3",
  		"@types/mocha": "^8.0.4",
  		"@types/node": "^12.11.7",
  		"eslint": "^7.15.0",
  		"@typescript-eslint/eslint-plugin": "^4.9.0",
  		"@typescript-eslint/parser": "^4.9.0",
  		"glob": "^7.1.6",
  		"mocha": "^8.1.3",
  		"typescript": "^4.1.2",
  		"vscode-test": "^1.4.1",
  		"ts-loader": "^8.0.11",
  		"webpack": "^5.10.0",
  		"webpack-cli": "^4.2.0"
  	}
  }

yarn manifest: 
  No manifest

Lockfile: 
  No lockfile
